0 info it worked if it ends with ok
1 verbose cli [ 'C:\\Program Files\\nodejs\\node.exe',
1 verbose cli   'C:\\Program Files\\nodejs\\node_modules\\npm\\bin\\npm-cli.js',
1 verbose cli   'install',
1 verbose cli   'normalize.css' ]
2 info using npm@3.10.10
3 info using node@v6.9.5
4 silly loadCurrentTree Starting
5 silly install loadCurrentTree
6 silly install readLocalPackageData
7 silly fetchPackageMetaData normalize.css
8 silly fetchOtherPackageData normalize.css
9 silly cache add args [ 'normalize.css', null ]
10 verbose cache add spec normalize.css
11 silly cache add parsed spec Result {
11 silly cache add   raw: 'normalize.css',
11 silly cache add   scope: null,
11 silly cache add   escapedName: 'normalize.css',
11 silly cache add   name: null,
11 silly cache add   rawSpec: 'normalize.css',
11 silly cache add   spec: 'C:\\Andela\\Home-Session-Day3\\SimpleUserInterface\\normalize.css',
11 silly cache add   type: 'local' }
12 silly addLocalTarball shasum (computed) ecc47cb731dbe6a7ea99ef89674b52fd9d32f468
13 verbose addTmpTarball C:\Andela\Home-Session-Day3\SimpleUserInterface\normalize.css not in flight; adding
14 verbose correctMkdir C:\Users\Aunty Aisha\AppData\Roaming\npm-cache correctMkdir not in flight; initializing
15 verbose addTmpTarball validating metadata from C:\Andela\Home-Session-Day3\SimpleUserInterface\normalize.css
16 verbose tar unpack C:\Andela\Home-Session-Day3\SimpleUserInterface\normalize.css
17 verbose tar unpacking to C:\Users\AUNTYA~1\AppData\Local\Temp\npm-5880-8af06e46\unpack-fe2295e1
18 silly gentlyRm C:\Users\AUNTYA~1\AppData\Local\Temp\npm-5880-8af06e46\unpack-fe2295e1 is being purged
19 verbose gentlyRm don't care about contents; nuking C:\Users\AUNTYA~1\AppData\Local\Temp\npm-5880-8af06e46\unpack-fe2295e1
20 silly gunzTarPerm modes [ '777', '666' ]
21 error not a package C:\Andela\Home-Session-Day3\SimpleUserInterface\normalize.css
22 error addLocal Could not install C:\Andela\Home-Session-Day3\SimpleUserInterface\normalize.css
23 silly fetchPackageMetaData Error: ENOENT: no such file or directory, open 'C:\Users\AUNTYA~1\AppData\Local\Temp\npm-5880-8af06e46\unpack-fe2295e1\package.json'
23 silly fetchPackageMetaData     at Error (native)
23 silly fetchPackageMetaData  error for normalize.css { Error: ENOENT: no such file or directory, open 'C:\Users\AUNTYA~1\AppData\Local\Temp\npm-5880-8af06e46\unpack-fe2295e1\package.json'
23 silly fetchPackageMetaData     at Error (native)
23 silly fetchPackageMetaData   errno: -4058,
23 silly fetchPackageMetaData   code: 'ENOENT',
23 silly fetchPackageMetaData   syscall: 'open',
23 silly fetchPackageMetaData   path: 'C:\\Users\\AUNTYA~1\\AppData\\Local\\Temp\\npm-5880-8af06e46\\unpack-fe2295e1\\package.json' }
24 silly rollbackFailedOptional Starting
25 silly rollbackFailedOptional Finishing
26 silly runTopLevelLifecycles Finishing
27 silly install printInstalled
28 verbose stack Error: ENOENT: no such file or directory, open 'C:\Users\AUNTYA~1\AppData\Local\Temp\npm-5880-8af06e46\unpack-fe2295e1\package.json'
28 verbose stack     at Error (native)
29 verbose cwd C:\Andela\Home-Session-Day3\SimpleUserInterface
30 error Windows_NT 6.3.9600
31 error argv "C:\\Program Files\\nodejs\\node.exe" "C:\\Program Files\\nodejs\\node_modules\\npm\\bin\\npm-cli.js" "install" "normalize.css"
32 error node v6.9.5
33 error npm  v3.10.10
34 error path C:\Users\AUNTYA~1\AppData\Local\Temp\npm-5880-8af06e46\unpack-fe2295e1\package.json
35 error code ENOENT
36 error errno -4058
37 error syscall open
38 error enoent ENOENT: no such file or directory, open 'C:\Users\AUNTYA~1\AppData\Local\Temp\npm-5880-8af06e46\unpack-fe2295e1\package.json'
39 error enoent ENOENT: no such file or directory, open 'C:\Users\AUNTYA~1\AppData\Local\Temp\npm-5880-8af06e46\unpack-fe2295e1\package.json'
39 error enoent This is most likely not a problem with npm itself
39 error enoent and is related to npm not being able to find a file.
40 verbose exit [ -4058, true ]
